<?xml version="1.0" encoding="UTF-8"?>
<!-- Generated by org.testng.reporters.JUnitXMLReporter -->
<testsuite ignored="3" hostname="DESKTOP-2CK62EB" failures="0" tests="9" name="TalentTech API Test" time="2.682" errors="0" timestamp="2021-11-15T00:41:44 EST">
  <testcase classname="talentTek.TTechPostGetTest" name="signUpTTech" time="1.732"/>
  <testcase classname="talentTek.TTechPostGetTest" name="getStudentInfo" time="0.099"/>
  <testcase classname="talentTek.TTechPutPatchTest" name="studentLogin" time="0.136"/>
  <testcase classname="talentTek.TTechPutPatchTest" name="studentPutTTech" time="0.102"/>
  <testcase classname="talentTek.TTechPatchGetTest" name="patchTTechTest" time="0.169"/>
  <testcase classname="talentTek.TTechPatchGetTest" name="studentLoginWithUpdatedPassword" time="0.146"/>
  <testcase classname="talentTek.TTechDeleteGetTest" name="studentDeleteTest" time="0.098"/>
  <testcase classname="talentTek.TTechDeleteGetTest" name="studentDeleteVerify" time="0.084"/>
  <testcase classname="talentTek.TTechGetAllStudents" name="allStudentsInfo" time="0.092"/>
  <testcase classname="resourceS.BaseTest" name="@BeforeSuite setCache" time="0.0">
    <ignored/>
  </testcase> <!-- @BeforeSuite setCache -->
  <testcase classname="resourceS.BaseTest" name="@BeforeSuite setCache" time="0.0">
    <ignored/>
  </testcase> <!-- @BeforeSuite setCache -->
  <testcase classname="resourceS.BaseTest" name="@BeforeSuite setCache" time="0.0">
    <ignored/>
  </testcase> <!-- @BeforeSuite setCache -->
</testsuite> <!-- TalentTech API Test -->
