<?xml version="1.0" encoding="UTF-8"?>
<testng-results ignored="3" total="12" passed="9" failed="0" skipped="0">
  <reporter-output>
  </reporter-output>
  <suite started-at="2021-11-15T00:41:42 EST" name="TTech Regression" finished-at="2021-11-15T00:41:44 EST" duration-ms="2682">
    <groups>
    </groups>
    <test started-at="2021-11-15T00:41:42 EST" name="TalentTech API Test" finished-at="2021-11-15T00:41:44 EST" duration-ms="2682">
      <class name="talentTek.TTechPutPatchTest">
        <test-method signature="studentLogin()[pri:0, instance:talentTek.TTechPutPatchTest@6676f6a0]" started-at="2021-11-15T00:41:43 EST" name="studentLogin" finished-at="2021-11-15T00:41:44 EST" duration-ms="136" status="PASS">
          <reporter-output>
          </reporter-output>
        </test-method> <!-- studentLogin -->
        <test-method signature="studentPutTTech()[pri:0, instance:talentTek.TTechPutPatchTest@6676f6a0]" started-at="2021-11-15T00:41:44 EST" name="studentPutTTech" finished-at="2021-11-15T00:41:44 EST" depends-on-methods="talentTek.TTechPutPatchTest.studentLogin" duration-ms="102" status="PASS">
          <reporter-output>
          </reporter-output>
        </test-method> <!-- studentPutTTech -->
      </class> <!-- talentTek.TTechPutPatchTest -->
      <class name="talentTek.TTechPostGetTest">
        <test-method is-config="true" signature="setCache()[pri:0, instance:talentTek.TTechPostGetTest@45d2ade3]" started-at="2021-11-15T00:41:42 EST" name="setCache" finished-at="2021-11-15T00:41:42 EST" duration-ms="4" status="PASS">
          <reporter-output>
          </reporter-output>
        </test-method> <!-- setCache -->
        <test-method signature="signUpTTech()[pri:0, instance:talentTek.TTechPostGetTest@45d2ade3]" started-at="2021-11-15T00:41:42 EST" name="signUpTTech" finished-at="2021-11-15T00:41:43 EST" duration-ms="1732" status="PASS">
          <reporter-output>
          </reporter-output>
        </test-method> <!-- signUpTTech -->
        <test-method signature="getStudentInfo()[pri:0, instance:talentTek.TTechPostGetTest@45d2ade3]" started-at="2021-11-15T00:41:43 EST" name="getStudentInfo" finished-at="2021-11-15T00:41:43 EST" depends-on-methods="talentTek.TTechPostGetTest.signUpTTech" duration-ms="99" status="PASS">
          <reporter-output>
          </reporter-output>
        </test-method> <!-- getStudentInfo -->
      </class> <!-- talentTek.TTechPostGetTest -->
      <class name="talentTek.TTechGetAllStudents">
        <test-method signature="allStudentsInfo()[pri:0, instance:talentTek.TTechGetAllStudents@11f0a5a1]" started-at="2021-11-15T00:41:44 EST" name="allStudentsInfo" finished-at="2021-11-15T00:41:44 EST" duration-ms="92" status="PASS">
          <reporter-output>
          </reporter-output>
        </test-method> <!-- allStudentsInfo -->
      </class> <!-- talentTek.TTechGetAllStudents -->
      <class name="talentTek.TTechPatchGetTest">
        <test-method signature="patchTTechTest()[pri:0, instance:talentTek.TTechPatchGetTest@7cbd9d24]" started-at="2021-11-15T00:41:44 EST" name="patchTTechTest" finished-at="2021-11-15T00:41:44 EST" duration-ms="169" status="PASS">
          <reporter-output>
          </reporter-output>
        </test-method> <!-- patchTTechTest -->
        <test-method signature="studentLoginWithUpdatedPassword()[pri:0, instance:talentTek.TTechPatchGetTest@7cbd9d24]" started-at="2021-11-15T00:41:44 EST" name="studentLoginWithUpdatedPassword" finished-at="2021-11-15T00:41:44 EST" depends-on-methods="talentTek.TTechPatchGetTest.patchTTechTest" duration-ms="146" status="PASS">
          <reporter-output>
          </reporter-output>
        </test-method> <!-- studentLoginWithUpdatedPassword -->
      </class> <!-- talentTek.TTechPatchGetTest -->
      <class name="talentTek.TTechDeleteGetTest">
        <test-method signature="studentDeleteTest()[pri:0, instance:talentTek.TTechDeleteGetTest@1b45c0e]" started-at="2021-11-15T00:41:44 EST" name="studentDeleteTest" finished-at="2021-11-15T00:41:44 EST" duration-ms="98" status="PASS">
          <reporter-output>
          </reporter-output>
        </test-method> <!-- studentDeleteTest -->
        <test-method signature="studentDeleteVerify()[pri:0, instance:talentTek.TTechDeleteGetTest@1b45c0e]" started-at="2021-11-15T00:41:44 EST" name="studentDeleteVerify" finished-at="2021-11-15T00:41:44 EST" depends-on-methods="talentTek.TTechDeleteGetTest.studentDeleteTest" duration-ms="84" status="PASS">
          <reporter-output>
          </reporter-output>
        </test-method> <!-- studentDeleteVerify -->
      </class> <!-- talentTek.TTechDeleteGetTest -->
    </test> <!-- TalentTech API Test -->
  </suite> <!-- TTech Regression -->
</testng-results>
