<?xml version="1.0" encoding="UTF-8"?>
<testsuite xmlns:xsi="http://www.w3.org/2001/XMLSchema-instance" xsi:noNamespaceSchemaLocation="https://maven.apache.org/surefire/maven-surefire-plugin/xsd/surefire-test-report-3.0.xsd" version="3.0" name="TestSuite" time="3.415" tests="9" errors="0" skipped="0" failures="0">
  <properties>
[...]
</properties>
  <testcase name="signUpTTech" classname="talentTek.TTechPostGetTest" time="1.747">
    <system-out><![CDATA[201
{"success":true,"message":"Registration Success","id":"TTCuy0m2"}
"TTCuy0m2"
]]></system-out>
  </testcase>
  <testcase name="getStudentInfo" classname="talentTek.TTechPostGetTest" time="0.117">
    <system-out><![CDATA[200
{"status":200,"message":"Student Found","data":{"firstName":"Kris","lastName":"Bradtke","studentId":"TTCuy0m2","email":"Test2524@gmail.com","gender":"male","dob":"2011-11-15","agree":true}}
"TTCuy0m2"
]]></system-out>
  </testcase>
  <testcase name="studentLogin" classname="talentTek.TTechPutPatchTest" time="0.211">
    <system-out><![CDATA[200
{"success":true,"status code":200,"message":"Login Success","token":"eyJ0eXAiOiJKV1QiLCJhbGciOiJIUzI1NiJ9.eyJpc3MiOiJodHRwOlwvXC9xYS50YWx0ZWt0Yy5jb20iLCJhdWQiOiJUSEVfQVVESUVOQ0UiLCJpYXQiOjE2MzY5NTQ5MDUsIm5iZiI6MTYzNjk1NDkxNSwiZXhwIjoxNjM3MDQxMzA1LCJpc19hZG1pbiI6ZmFsc2UsImRhdGEiOnsiaWQiOiIzMSIsImZpcnN0X25hbWUiOiJLcmlzIiwibGFzdF9uYW1lIjoiQnJhZHRrZSIsImVtYWlsIjoiVGVzdDI1MjRAZ21haWwuY29tIiwic3R1ZGVudElkIjoiVFRDdXkwbTIifX0.kfmFP_INEq6tl360d8pTBE1MP0cb3jMr7GxAUT0QF6g"}
"eyJ0eXAiOiJKV1QiLCJhbGciOiJIUzI1NiJ9.eyJpc3MiOiJodHRwOlwvXC9xYS50YWx0ZWt0Yy5jb20iLCJhdWQiOiJUSEVfQVVESUVOQ0UiLCJpYXQiOjE2MzY5NTQ5MDUsIm5iZiI6MTYzNjk1NDkxNSwiZXhwIjoxNjM3MDQxMzA1LCJpc19hZG1pbiI6ZmFsc2UsImRhdGEiOnsiaWQiOiIzMSIsImZpcnN0X25hbWUiOiJLcmlzIiwibGFzdF9uYW1lIjoiQnJhZHRrZSIsImVtYWlsIjoiVGVzdDI1MjRAZ21haWwuY29tIiwic3R1ZGVudElkIjoiVFRDdXkwbTIifX0.kfmFP_INEq6tl360d8pTBE1MP0cb3jMr7GxAUT0QF6g"
]]></system-out>
  </testcase>
  <testcase name="studentPutTTech" classname="talentTek.TTechPutPatchTest" time="0.008">
    <system-out><![CDATA[200
{"success":true,"message":"Update success"}
]]></system-out>
  </testcase>
  <testcase name="patchTTechTest" classname="talentTek.TTechPatchGetTest" time="0.169">
    <system-out><![CDATA[200
{"success":true,"message":"Password update success"}
]]></system-out>
  </testcase>
  <testcase name="studentLoginWithUpdatedPassword" classname="talentTek.TTechPatchGetTest" time="0.194">
    <system-out><![CDATA[200
{"success":true,"status code":200,"message":"Login Success","token":"eyJ0eXAiOiJKV1QiLCJhbGciOiJIUzI1NiJ9.eyJpc3MiOiJodHRwOlwvXC9xYS50YWx0ZWt0Yy5jb20iLCJhdWQiOiJUSEVfQVVESUVOQ0UiLCJpYXQiOjE2MzY5NTQ5MDYsIm5iZiI6MTYzNjk1NDkxNiwiZXhwIjoxNjM3MDQxMzA2LCJpc19hZG1pbiI6ZmFsc2UsImRhdGEiOnsiaWQiOiIzMSIsImZpcnN0X25hbWUiOiJMZXZpIiwibGFzdF9uYW1lIjoiUGZlZmZlciIsImVtYWlsIjoiVGVzdDI1MjRAZ21haWwuY29tIiwic3R1ZGVudElkIjoiVFRDdXkwbTIifX0.80wQ5OxIaJfS1a0e26QadkgRghiodkUyuwk57XBz00w"}
]]></system-out>
  </testcase>
  <testcase name="studentDeleteTest" classname="talentTek.TTechDeleteGetTest" time="0.049">
    <system-out><![CDATA[200
{"success":true,"messages":"Data Deleted"}
]]></system-out>
  </testcase>
  <testcase name="studentDeleteVerify" classname="talentTek.TTechDeleteGetTest" time="0.089">
    <system-out><![CDATA[404
{"status":404,"error":404,"messages":{"error":"No Student Found with id TTCuy0m2"}}
]]></system-out>
  </testcase>
  <testcase name="allStudentsInfo" classname="talentTek.TTechGetAllStudents" time="0.129">
    <system-out><![CDATA[200
"daniell.rohan@example.com"
"Admin"
"Bogan"
"Pacocha"
"Metz"
"Hodkiewicz"
"Goldner"
"Feest"
"test"
"Batch"
"test"
"Gleichner"
"Kub"
"Test"
"Kanchon"
"Sipes"
"Marquardt"
"sdfsdf"
"test"
"Reynolds"
"Schmitt"
"Grant"
"Romaguera"
"Green"
"Kihn"
"Murphy"
"Harvey"
]]></system-out>
  </testcase>
</testsuite>